Arguments: 
  /usr/local/bin/node /usr/local/Cellar/yarn/1.22.10/libexec/bin/yarn.js install

PATH: 
  /usr/local/bin:/usr/bin:/bin:/usr/sbin:/sbin

Yarn version: 
  1.22.10

Node version: 
  12.18.0

Platform: 
  darwin x64

Trace: 
  Error: https://registry.yarnpkg.com/react-native/-/react-native-0.61.5.tgz: ESOCKETTIMEDOUT
      at ClientRequest.<anonymous> (/usr/local/Cellar/yarn/1.22.10/libexec/lib/cli.js:141376:19)
      at Object.onceWrapper (events.js:421:28)
      at ClientRequest.emit (events.js:315:20)
      at TLSSocket.emitRequestTimeout (_http_client.js:709:9)
      at Object.onceWrapper (events.js:421:28)
      at TLSSocket.emit (events.js:327:22)
      at TLSSocket.Socket._onTimeout (net.js:481:8)
      at listOnTimeout (internal/timers.js:549:17)
      at processTimers (internal/timers.js:492:7)

npm manifest: 
  {
    "name": "africonnect1",
    "version": "0.0.1",
    "private": true,
    "scripts": {
      "start": "react-native start",
      "android": "react-native run-android",
      "ios": "react-native run-ios",
      "web": "expo start --web",
      "test": "jest",
      "lint": "eslint ."
    },
    "dependencies": {
      "expo": "~37.0.0",
      "expo-splash-screen": "^0.2.3",
      "expo-updates": "~0.2.0",
      "react": "~16.9.0",
      "react-dom": "~16.9.0",
      "react-native": "~0.61.5",
      "react-native-gesture-handler": "^1.6.0",
      "react-native-reanimated": "^1.7.0",
      "react-native-screens": "^2.0.0-beta.8",
      "react-native-unimodules": "~0.9.0",
      "react-native-web": "~0.11.7",
      "@react-native-community/async-storage": "^1.11.0",
      "@react-native-community/masked-view": "^0.1.6",
      "@react-navigation/drawer": "^5.1.1",
      "@react-navigation/material-bottom-tabs": "^5.1.6",
      "@react-navigation/native": "^5.0.6",
      "@react-navigation/stack": "^5.0.6",
      "expo-font": "~8.1.0",
      "expo-linear-gradient": "~8.1.0",
      "native-base": "^2.13.12",
      "react-native-animatable": "^1.3.3",
      "react-native-linear-gradient": "^2.5.6",
      "react-native-paper": "^3.6.0",
      "react-native-safe-area-context": "^0.7.3",
      "react-native-vector-icons": "^6.6.0"
    },
    "devDependencies": {
      "@babel/core": "^7.6.2",
      "@babel/runtime": "^7.6.2",
      "@expo/vector-icons": "^10.2.0",
      "@react-native-community/eslint-config": "^0.0.5",
      "babel-jest": "^24.9.0",
      "eslint": "^6.5.1",
      "jest": "^24.9.0",
      "metro-react-native-babel-preset": "^0.56.0",
      "react-native-progress-circle": "^2.1.0",
      "react-test-renderer": "16.9.0"
    },
    "jest": {
      "preset": "react-native"
    }
  }

yarn manifest: 
  No manifest

Lockfile: 
  No lockfile
